2026-05-05 23:22:25 | INFO     | USER: jones3 | ACTION: SEARCH | DETAILS: Keyword: Mouse
2026-05-05 23:22:27 | INFO     | USER: jones3 | ACTION: SEARCH | DETAILS: Keyword: Mouse
2026-05-05 23:22:27 | ERROR    | Exception during reset or similar
Traceback (most recent call last):
  File "c:\Users\PC\dbms_project\.venv\Lib\site-packages\sqlalchemy\pool\base.py", line 984, in _finalize_fairy
    fairy._reset(
  File "c:\Users\PC\dbms_project\.venv\Lib\site-packages\sqlalchemy\pool\base.py", line 1439, in _reset
    pool._dialect.do_rollback(self)
  File "c:\Users\PC\dbms_project\.venv\Lib\site-packages\sqlalchemy\engine\default.py", line 725, in do_rollback
    dbapi_connection.rollback()
  File "c:\Users\PC\dbms_project\.venv\Lib\site-packages\mysql\connector\connection_cext.py", line 611, in rollback
    self._cmysql.rollback()
_mysql_connector.MySQLInterfaceError: Commands out of sync; you can't run this command now
2026-05-05 23:22:30 | ERROR    | Exception during reset or similar
Traceback (most recent call last):
  File "c:\Users\PC\dbms_project\.venv\Lib\site-packages\sqlalchemy\pool\base.py", line 984, in _finalize_fairy
    fairy._reset(
  File "c:\Users\PC\dbms_project\.venv\Lib\site-packages\sqlalchemy\pool\base.py", line 1439, in _reset
    pool._dialect.do_rollback(self)
  File "c:\Users\PC\dbms_project\.venv\Lib\site-packages\sqlalchemy\engine\default.py", line 725, in do_rollback
    dbapi_connection.rollback()
  File "c:\Users\PC\dbms_project\.venv\Lib\site-packages\mysql\connector\connection_cext.py", line 611, in rollback
    self._cmysql.rollback()
_mysql_connector.MySQLInterfaceError: Commands out of sync; you can't run this command now
2026-05-05 23:22:32 | ERROR    | Exception during reset or similar
Traceback (most recent call last):
  File "C:\Users\PC\dbms_project\crud_logic.py", line 38, in create_order
    while result.next_result():
          ^^^^^^^^^^^^^^^^^^
AttributeError: 'CursorResult' object has no attribute 'next_result'

During handling of the above exception, another exception occurred:

Traceback (most recent call last):
  File "c:\Users\PC\dbms_project\.venv\Lib\site-packages\sqlalchemy\pool\base.py", line 984, in _finalize_fairy
    fairy._reset(
  File "c:\Users\PC\dbms_project\.venv\Lib\site-packages\sqlalchemy\pool\base.py", line 1439, in _reset
    pool._dialect.do_rollback(self)
  File "c:\Users\PC\dbms_project\.venv\Lib\site-packages\sqlalchemy\engine\default.py", line 725, in do_rollback
    dbapi_connection.rollback()
  File "c:\Users\PC\dbms_project\.venv\Lib\site-packages\mysql\connector\connection_cext.py", line 611, in rollback
    self._cmysql.rollback()
_mysql_connector.MySQLInterfaceError: Commands out of sync; you can't run this command now
2026-05-06 00:32:27 | ERROR    | Exception during reset or similar
Traceback (most recent call last):
  File "C:\Users\PC\dbms_project\crud_logic.py", line 38, in create_order
    while result.next_result():
          ^^^^^^^^^^^^^^^^^^
AttributeError: 'CursorResult' object has no attribute 'next_result'

During handling of the above exception, another exception occurred:

Traceback (most recent call last):
  File "c:\Users\PC\dbms_project\.venv\Lib\site-packages\sqlalchemy\pool\base.py", line 984, in _finalize_fairy
    fairy._reset(
  File "c:\Users\PC\dbms_project\.venv\Lib\site-packages\sqlalchemy\pool\base.py", line 1439, in _reset
    pool._dialect.do_rollback(self)
  File "c:\Users\PC\dbms_project\.venv\Lib\site-packages\sqlalchemy\engine\default.py", line 725, in do_rollback
    dbapi_connection.rollback()
  File "c:\Users\PC\dbms_project\.venv\Lib\site-packages\mysql\connector\connection_cext.py", line 611, in rollback
    self._cmysql.rollback()
_mysql_connector.MySQLInterfaceError: Commands out of sync; you can't run this command now
2026-05-06 01:44:57 | INFO     | USER: jones3 | ACTION: VIEW_CUSTOMER | DETAILS: ID: 1
2026-05-06 01:45:05 | ERROR    | Exception during reset or similar
Traceback (most recent call last):
  File "c:\Users\PC\dbms_project\.venv\Lib\site-packages\sqlalchemy\pool\base.py", line 984, in _finalize_fairy
    fairy._reset(
  File "c:\Users\PC\dbms_project\.venv\Lib\site-packages\sqlalchemy\pool\base.py", line 1439, in _reset
    pool._dialect.do_rollback(self)
  File "c:\Users\PC\dbms_project\.venv\Lib\site-packages\sqlalchemy\engine\default.py", line 725, in do_rollback
    dbapi_connection.rollback()
  File "c:\Users\PC\dbms_project\.venv\Lib\site-packages\mysql\connector\connection_cext.py", line 611, in rollback
    self._cmysql.rollback()
_mysql_connector.MySQLInterfaceError: Commands out of sync; you can't run this command now
2026-05-06 01:45:07 | ERROR    | Exception during reset or similar
Traceback (most recent call last):
  File "C:\Users\PC\dbms_project\crud_logic.py", line 36, in create_order
    while result.next_result():
          ^^^^^^^^^^^^^^^^^^
AttributeError: 'CursorResult' object has no attribute 'next_result'

During handling of the above exception, another exception occurred:

Traceback (most recent call last):
  File "c:\Users\PC\dbms_project\.venv\Lib\site-packages\sqlalchemy\pool\base.py", line 984, in _finalize_fairy
    fairy._reset(
  File "c:\Users\PC\dbms_project\.venv\Lib\site-packages\sqlalchemy\pool\base.py", line 1439, in _reset
    pool._dialect.do_rollback(self)
  File "c:\Users\PC\dbms_project\.venv\Lib\site-packages\sqlalchemy\engine\default.py", line 725, in do_rollback
    dbapi_connection.rollback()
  File "c:\Users\PC\dbms_project\.venv\Lib\site-packages\mysql\connector\connection_cext.py", line 611, in rollback
    self._cmysql.rollback()
_mysql_connector.MySQLInterfaceError: Commands out of sync; you can't run this command now
2026-05-06 01:45:08 | ERROR    | Exception during reset or similar
Traceback (most recent call last):
  File "C:\Users\PC\dbms_project\crud_logic.py", line 36, in create_order
    while result.next_result():
          ^^^^^^^^^^^^^^^^^^
AttributeError: 'CursorResult' object has no attribute 'next_result'

During handling of the above exception, another exception occurred:

Traceback (most recent call last):
  File "c:\Users\PC\dbms_project\.venv\Lib\site-packages\sqlalchemy\pool\base.py", line 984, in _finalize_fairy
    fairy._reset(
  File "c:\Users\PC\dbms_project\.venv\Lib\site-packages\sqlalchemy\pool\base.py", line 1439, in _reset
    pool._dialect.do_rollback(self)
  File "c:\Users\PC\dbms_project\.venv\Lib\site-packages\sqlalchemy\engine\default.py", line 725, in do_rollback
    dbapi_connection.rollback()
  File "c:\Users\PC\dbms_project\.venv\Lib\site-packages\mysql\connector\connection_cext.py", line 611, in rollback
    self._cmysql.rollback()
_mysql_connector.MySQLInterfaceError: Commands out of sync; you can't run this command now
2026-05-06 01:45:08 | ERROR    | Exception during reset or similar
Traceback (most recent call last):
  File "C:\Users\PC\dbms_project\crud_logic.py", line 36, in create_order
    while result.next_result():
          ^^^^^^^^^^^^^^^^^^
AttributeError: 'CursorResult' object has no attribute 'next_result'

During handling of the above exception, another exception occurred:

Traceback (most recent call last):
  File "c:\Users\PC\dbms_project\.venv\Lib\site-packages\sqlalchemy\pool\base.py", line 984, in _finalize_fairy
    fairy._reset(
  File "c:\Users\PC\dbms_project\.venv\Lib\site-packages\sqlalchemy\pool\base.py", line 1439, in _reset
    pool._dialect.do_rollback(self)
  File "c:\Users\PC\dbms_project\.venv\Lib\site-packages\sqlalchemy\engine\default.py", line 725, in do_rollback
    dbapi_connection.rollback()
  File "c:\Users\PC\dbms_project\.venv\Lib\site-packages\mysql\connector\connection_cext.py", line 611, in rollback
    self._cmysql.rollback()
_mysql_connector.MySQLInterfaceError: Commands out of sync; you can't run this command now
2026-05-06 01:45:08 | ERROR    | Exception during reset or similar
Traceback (most recent call last):
  File "C:\Users\PC\dbms_project\crud_logic.py", line 36, in create_order
    while result.next_result():
          ^^^^^^^^^^^^^^^^^^
AttributeError: 'CursorResult' object has no attribute 'next_result'

During handling of the above exception, another exception occurred:

Traceback (most recent call last):
  File "c:\Users\PC\dbms_project\.venv\Lib\site-packages\sqlalchemy\pool\base.py", line 984, in _finalize_fairy
    fairy._reset(
  File "c:\Users\PC\dbms_project\.venv\Lib\site-packages\sqlalchemy\pool\base.py", line 1439, in _reset
    pool._dialect.do_rollback(self)
  File "c:\Users\PC\dbms_project\.venv\Lib\site-packages\sqlalchemy\engine\default.py", line 725, in do_rollback
    dbapi_connection.rollback()
  File "c:\Users\PC\dbms_project\.venv\Lib\site-packages\mysql\connector\connection_cext.py", line 611, in rollback
    self._cmysql.rollback()
_mysql_connector.MySQLInterfaceError: Commands out of sync; you can't run this command now
2026-05-06 01:45:11 | ERROR    | Exception during reset or similar
Traceback (most recent call last):
  File "C:\Users\PC\dbms_project\crud_logic.py", line 36, in create_order
    while result.next_result():
          ^^^^^^^^^^^^^^^^^^
AttributeError: 'CursorResult' object has no attribute 'next_result'

During handling of the above exception, another exception occurred:

Traceback (most recent call last):
  File "c:\Users\PC\dbms_project\.venv\Lib\site-packages\sqlalchemy\pool\base.py", line 984, in _finalize_fairy
    fairy._reset(
  File "c:\Users\PC\dbms_project\.venv\Lib\site-packages\sqlalchemy\pool\base.py", line 1439, in _reset
    pool._dialect.do_rollback(self)
  File "c:\Users\PC\dbms_project\.venv\Lib\site-packages\sqlalchemy\engine\default.py", line 725, in do_rollback
    dbapi_connection.rollback()
  File "c:\Users\PC\dbms_project\.venv\Lib\site-packages\mysql\connector\connection_cext.py", line 611, in rollback
    self._cmysql.rollback()
_mysql_connector.MySQLInterfaceError: Commands out of sync; you can't run this command now
2026-05-06 01:45:14 | ERROR    | Exception during reset or similar
Traceback (most recent call last):
  File "C:\Users\PC\dbms_project\crud_logic.py", line 36, in create_order
    while result.next_result():
          ^^^^^^^^^^^^^^^^^^
AttributeError: 'CursorResult' object has no attribute 'next_result'

During handling of the above exception, another exception occurred:

Traceback (most recent call last):
  File "c:\Users\PC\dbms_project\.venv\Lib\site-packages\sqlalchemy\pool\base.py", line 984, in _finalize_fairy
    fairy._reset(
  File "c:\Users\PC\dbms_project\.venv\Lib\site-packages\sqlalchemy\pool\base.py", line 1439, in _reset
    pool._dialect.do_rollback(self)
  File "c:\Users\PC\dbms_project\.venv\Lib\site-packages\sqlalchemy\engine\default.py", line 725, in do_rollback
    dbapi_connection.rollback()
  File "c:\Users\PC\dbms_project\.venv\Lib\site-packages\mysql\connector\connection_cext.py", line 611, in rollback
    self._cmysql.rollback()
_mysql_connector.MySQLInterfaceError: Commands out of sync; you can't run this command now
2026-05-06 01:54:16 | INFO     | USER: jones3 | ACTION: VIEW_CUSTOMER | DETAILS: ID: 1
2026-05-06 01:54:18 | ERROR    | Exception during reset or similar
Traceback (most recent call last):
  File "c:\Users\PC\dbms_project\.venv\Lib\site-packages\sqlalchemy\pool\base.py", line 984, in _finalize_fairy
    fairy._reset(
  File "c:\Users\PC\dbms_project\.venv\Lib\site-packages\sqlalchemy\pool\base.py", line 1439, in _reset
    pool._dialect.do_rollback(self)
  File "c:\Users\PC\dbms_project\.venv\Lib\site-packages\sqlalchemy\engine\default.py", line 725, in do_rollback
    dbapi_connection.rollback()
  File "c:\Users\PC\dbms_project\.venv\Lib\site-packages\mysql\connector\connection_cext.py", line 611, in rollback
    self._cmysql.rollback()
_mysql_connector.MySQLInterfaceError: Commands out of sync; you can't run this command now
2026-05-06 01:54:24 | INFO     | USER: jones3 | ACTION: SEARCH | DETAILS: Keyword: lamp
2026-05-06 01:58:09 | INFO     | USER: jones3 | ACTION: VIEW_CUSTOMER | DETAILS: ID: 1
2026-05-06 01:58:10 | ERROR    | Exception during reset or similar
Traceback (most recent call last):
  File "c:\Users\PC\dbms_project\.venv\Lib\site-packages\sqlalchemy\pool\base.py", line 984, in _finalize_fairy
    fairy._reset(
  File "c:\Users\PC\dbms_project\.venv\Lib\site-packages\sqlalchemy\pool\base.py", line 1439, in _reset
    pool._dialect.do_rollback(self)
  File "c:\Users\PC\dbms_project\.venv\Lib\site-packages\sqlalchemy\engine\default.py", line 725, in do_rollback
    dbapi_connection.rollback()
  File "c:\Users\PC\dbms_project\.venv\Lib\site-packages\mysql\connector\connection_cext.py", line 611, in rollback
    self._cmysql.rollback()
_mysql_connector.MySQLInterfaceError: Commands out of sync; you can't run this command now
2026-05-06 01:58:12 | ERROR    | Exception during reset or similar
Traceback (most recent call last):
  File "C:\Users\PC\dbms_project\crud_logic.py", line 37, in create_order
    while result.next_result():
          ^^^^^^^^^^^^^^^^^^
AttributeError: 'CursorResult' object has no attribute 'next_result'

During handling of the above exception, another exception occurred:

Traceback (most recent call last):
  File "c:\Users\PC\dbms_project\.venv\Lib\site-packages\sqlalchemy\pool\base.py", line 984, in _finalize_fairy
    fairy._reset(
  File "c:\Users\PC\dbms_project\.venv\Lib\site-packages\sqlalchemy\pool\base.py", line 1439, in _reset
    pool._dialect.do_rollback(self)
  File "c:\Users\PC\dbms_project\.venv\Lib\site-packages\sqlalchemy\engine\default.py", line 725, in do_rollback
    dbapi_connection.rollback()
  File "c:\Users\PC\dbms_project\.venv\Lib\site-packages\mysql\connector\connection_cext.py", line 611, in rollback
    self._cmysql.rollback()
_mysql_connector.MySQLInterfaceError: Commands out of sync; you can't run this command now
2026-05-06 01:58:31 | INFO     | USER: sanchez4 | ACTION: SEARCH | DETAILS: Keyword: a
2026-05-06 01:58:38 | ERROR    | Exception during reset or similar
Traceback (most recent call last):
  File "c:\Users\PC\dbms_project\.venv\Lib\site-packages\sqlalchemy\pool\base.py", line 984, in _finalize_fairy
    fairy._reset(
  File "c:\Users\PC\dbms_project\.venv\Lib\site-packages\sqlalchemy\pool\base.py", line 1439, in _reset
    pool._dialect.do_rollback(self)
  File "c:\Users\PC\dbms_project\.venv\Lib\site-packages\sqlalchemy\engine\default.py", line 725, in do_rollback
    dbapi_connection.rollback()
  File "c:\Users\PC\dbms_project\.venv\Lib\site-packages\mysql\connector\connection_cext.py", line 611, in rollback
    self._cmysql.rollback()
_mysql_connector.MySQLInterfaceError: Commands out of sync; you can't run this command now
2026-05-06 01:58:43 | INFO     | USER: sanchez4 | ACTION: SEARCH | DETAILS: Keyword: b
2026-05-06 01:58:52 | ERROR    | Exception during reset or similar
Traceback (most recent call last):
  File "c:\Users\PC\dbms_project\.venv\Lib\site-packages\sqlalchemy\pool\base.py", line 984, in _finalize_fairy
    fairy._reset(
  File "c:\Users\PC\dbms_project\.venv\Lib\site-packages\sqlalchemy\pool\base.py", line 1439, in _reset
    pool._dialect.do_rollback(self)
  File "c:\Users\PC\dbms_project\.venv\Lib\site-packages\sqlalchemy\engine\default.py", line 725, in do_rollback
    dbapi_connection.rollback()
  File "c:\Users\PC\dbms_project\.venv\Lib\site-packages\mysql\connector\connection_cext.py", line 611, in rollback
    self._cmysql.rollback()
_mysql_connector.MySQLInterfaceError: Commands out of sync; you can't run this command now
2026-05-06 01:58:55 | INFO     | USER: sanchez4 | ACTION: SEARCH | DETAILS: Keyword: b
2026-05-06 01:59:04 | ERROR    | Exception during reset or similar
Traceback (most recent call last):
  File "C:\Users\PC\dbms_project\crud_logic.py", line 20, in add_stock_units
    db.commit()
  File "c:\Users\PC\dbms_project\.venv\Lib\site-packages\sqlalchemy\orm\session.py", line 2044, in commit
    trans.commit(_to_root=True)
  File "<string>", line 2, in commit
  File "c:\Users\PC\dbms_project\.venv\Lib\site-packages\sqlalchemy\orm\state_changes.py", line 137, in _go
    ret_value = fn(self, *arg, **kw)
                ^^^^^^^^^^^^^^^^^^^^
  File "c:\Users\PC\dbms_project\.venv\Lib\site-packages\sqlalchemy\orm\session.py", line 1317, in commit
    trans.commit()
  File "c:\Users\PC\dbms_project\.venv\Lib\site-packages\sqlalchemy\engine\base.py", line 2606, in commit
    self._do_commit()
  File "c:\Users\PC\dbms_project\.venv\Lib\site-packages\sqlalchemy\engine\base.py", line 2711, in _do_commit
    self._connection_commit_impl()
  File "c:\Users\PC\dbms_project\.venv\Lib\site-packages\sqlalchemy\engine\base.py", line 2682, in _connection_commit_impl
    self.connection._commit_impl()
  File "c:\Users\PC\dbms_project\.venv\Lib\site-packages\sqlalchemy\engine\base.py", line 1164, in _commit_impl
    self._handle_dbapi_exception(e, None, None, None, None)
  File "c:\Users\PC\dbms_project\.venv\Lib\site-packages\sqlalchemy\engine\base.py", line 2332, in _handle_dbapi_exception
    raise exc_info[1].with_traceback(exc_info[2])
  File "c:\Users\PC\dbms_project\.venv\Lib\site-packages\sqlalchemy\engine\base.py", line 1162, in _commit_impl
    self.engine.dialect.do_commit(self.connection)
  File "c:\Users\PC\dbms_project\.venv\Lib\site-packages\sqlalchemy\engine\default.py", line 728, in do_commit
    dbapi_connection.commit()
  File "c:\Users\PC\dbms_project\.venv\Lib\site-packages\mysql\connector\connection_cext.py", line 605, in commit
    self._cmysql.commit()
_mysql_connector.MySQLInterfaceError: Commands out of sync; you can't run this command now

During handling of the above exception, another exception occurred:

Traceback (most recent call last):
  File "c:\Users\PC\dbms_project\.venv\Lib\site-packages\sqlalchemy\pool\base.py", line 984, in _finalize_fairy
    fairy._reset(
  File "c:\Users\PC\dbms_project\.venv\Lib\site-packages\sqlalchemy\pool\base.py", line 1439, in _reset
    pool._dialect.do_rollback(self)
  File "c:\Users\PC\dbms_project\.venv\Lib\site-packages\sqlalchemy\engine\default.py", line 725, in do_rollback
    dbapi_connection.rollback()
  File "c:\Users\PC\dbms_project\.venv\Lib\site-packages\mysql\connector\connection_cext.py", line 611, in rollback
    self._cmysql.rollback()
_mysql_connector.MySQLInterfaceError: Commands out of sync; you can't run this command now
2026-05-06 01:59:04 | ERROR    | Exception during reset or similar
Traceback (most recent call last):
  File "c:\Users\PC\dbms_project\.venv\Lib\site-packages\sqlalchemy\pool\base.py", line 984, in _finalize_fairy
    fairy._reset(
  File "c:\Users\PC\dbms_project\.venv\Lib\site-packages\sqlalchemy\pool\base.py", line 1439, in _reset
    pool._dialect.do_rollback(self)
  File "c:\Users\PC\dbms_project\.venv\Lib\site-packages\sqlalchemy\engine\default.py", line 725, in do_rollback
    dbapi_connection.rollback()
  File "c:\Users\PC\dbms_project\.venv\Lib\site-packages\mysql\connector\connection_cext.py", line 611, in rollback
    self._cmysql.rollback()
_mysql_connector.MySQLInterfaceError: Commands out of sync; you can't run this command now
2026-05-06 01:59:09 | INFO     | USER: sanchez4 | ACTION: SEARCH | DETAILS: Keyword: b
2026-05-06 01:59:12 | ERROR    | Exception during reset or similar
Traceback (most recent call last):
  File "c:\Users\PC\dbms_project\.venv\Lib\site-packages\sqlalchemy\pool\base.py", line 984, in _finalize_fairy
    fairy._reset(
  File "c:\Users\PC\dbms_project\.venv\Lib\site-packages\sqlalchemy\pool\base.py", line 1439, in _reset
    pool._dialect.do_rollback(self)
  File "c:\Users\PC\dbms_project\.venv\Lib\site-packages\sqlalchemy\engine\default.py", line 725, in do_rollback
    dbapi_connection.rollback()
  File "c:\Users\PC\dbms_project\.venv\Lib\site-packages\mysql\connector\connection_cext.py", line 611, in rollback
    self._cmysql.rollback()
_mysql_connector.MySQLInterfaceError: Commands out of sync; you can't run this command now
2026-05-06 01:59:13 | ERROR    | Exception during reset or similar
Traceback (most recent call last):
  File "C:\Users\PC\dbms_project\crud_logic.py", line 20, in add_stock_units
    db.commit()
  File "c:\Users\PC\dbms_project\.venv\Lib\site-packages\sqlalchemy\orm\session.py", line 2044, in commit
    trans.commit(_to_root=True)
  File "<string>", line 2, in commit
  File "c:\Users\PC\dbms_project\.venv\Lib\site-packages\sqlalchemy\orm\state_changes.py", line 137, in _go
    ret_value = fn(self, *arg, **kw)
                ^^^^^^^^^^^^^^^^^^^^
  File "c:\Users\PC\dbms_project\.venv\Lib\site-packages\sqlalchemy\orm\session.py", line 1317, in commit
    trans.commit()
  File "c:\Users\PC\dbms_project\.venv\Lib\site-packages\sqlalchemy\engine\base.py", line 2606, in commit
    self._do_commit()
  File "c:\Users\PC\dbms_project\.venv\Lib\site-packages\sqlalchemy\engine\base.py", line 2711, in _do_commit
    self._connection_commit_impl()
  File "c:\Users\PC\dbms_project\.venv\Lib\site-packages\sqlalchemy\engine\base.py", line 2682, in _connection_commit_impl
    self.connection._commit_impl()
  File "c:\Users\PC\dbms_project\.venv\Lib\site-packages\sqlalchemy\engine\base.py", line 1164, in _commit_impl
    self._handle_dbapi_exception(e, None, None, None, None)
  File "c:\Users\PC\dbms_project\.venv\Lib\site-packages\sqlalchemy\engine\base.py", line 2332, in _handle_dbapi_exception
    raise exc_info[1].with_traceback(exc_info[2])
  File "c:\Users\PC\dbms_project\.venv\Lib\site-packages\sqlalchemy\engine\base.py", line 1162, in _commit_impl
    self.engine.dialect.do_commit(self.connection)
  File "c:\Users\PC\dbms_project\.venv\Lib\site-packages\sqlalchemy\engine\default.py", line 728, in do_commit
    dbapi_connection.commit()
  File "c:\Users\PC\dbms_project\.venv\Lib\site-packages\mysql\connector\connection_cext.py", line 605, in commit
    self._cmysql.commit()
_mysql_connector.MySQLInterfaceError: Commands out of sync; you can't run this command now

During handling of the above exception, another exception occurred:

Traceback (most recent call last):
  File "c:\Users\PC\dbms_project\.venv\Lib\site-packages\sqlalchemy\pool\base.py", line 984, in _finalize_fairy
    fairy._reset(
  File "c:\Users\PC\dbms_project\.venv\Lib\site-packages\sqlalchemy\pool\base.py", line 1439, in _reset
    pool._dialect.do_rollback(self)
  File "c:\Users\PC\dbms_project\.venv\Lib\site-packages\sqlalchemy\engine\default.py", line 725, in do_rollback
    dbapi_connection.rollback()
  File "c:\Users\PC\dbms_project\.venv\Lib\site-packages\mysql\connector\connection_cext.py", line 611, in rollback
    self._cmysql.rollback()
_mysql_connector.MySQLInterfaceError: Commands out of sync; you can't run this command now
2026-05-06 01:59:15 | INFO     | USER: sanchez4 | ACTION: VIEW_CUSTOMER | DETAILS: ID: 1
2026-05-06 01:59:17 | ERROR    | Exception during reset or similar
Traceback (most recent call last):
  File "c:\Users\PC\dbms_project\.venv\Lib\site-packages\sqlalchemy\pool\base.py", line 984, in _finalize_fairy
    fairy._reset(
  File "c:\Users\PC\dbms_project\.venv\Lib\site-packages\sqlalchemy\pool\base.py", line 1439, in _reset
    pool._dialect.do_rollback(self)
  File "c:\Users\PC\dbms_project\.venv\Lib\site-packages\sqlalchemy\engine\default.py", line 725, in do_rollback
    dbapi_connection.rollback()
  File "c:\Users\PC\dbms_project\.venv\Lib\site-packages\mysql\connector\connection_cext.py", line 611, in rollback
    self._cmysql.rollback()
_mysql_connector.MySQLInterfaceError: Commands out of sync; you can't run this command now
2026-05-06 01:59:19 | ERROR    | Exception during reset or similar
Traceback (most recent call last):
  File "C:\Users\PC\dbms_project\crud_logic.py", line 37, in create_order
    while result.next_result():
          ^^^^^^^^^^^^^^^^^^
AttributeError: 'CursorResult' object has no attribute 'next_result'

During handling of the above exception, another exception occurred:

Traceback (most recent call last):
  File "c:\Users\PC\dbms_project\.venv\Lib\site-packages\sqlalchemy\pool\base.py", line 984, in _finalize_fairy
    fairy._reset(
  File "c:\Users\PC\dbms_project\.venv\Lib\site-packages\sqlalchemy\pool\base.py", line 1439, in _reset
    pool._dialect.do_rollback(self)
  File "c:\Users\PC\dbms_project\.venv\Lib\site-packages\sqlalchemy\engine\default.py", line 725, in do_rollback
    dbapi_connection.rollback()
  File "c:\Users\PC\dbms_project\.venv\Lib\site-packages\mysql\connector\connection_cext.py", line 611, in rollback
    self._cmysql.rollback()
_mysql_connector.MySQLInterfaceError: Commands out of sync; you can't run this command now
2026-05-06 01:59:21 | INFO     | USER: sanchez4 | ACTION: VIEW_CUSTOMER | DETAILS: ID: 1
2026-05-06 01:59:30 | ERROR    | Exception during reset or similar
Traceback (most recent call last):
  File "c:\Users\PC\dbms_project\.venv\Lib\site-packages\sqlalchemy\pool\base.py", line 984, in _finalize_fairy
    fairy._reset(
  File "c:\Users\PC\dbms_project\.venv\Lib\site-packages\sqlalchemy\pool\base.py", line 1439, in _reset
    pool._dialect.do_rollback(self)
  File "c:\Users\PC\dbms_project\.venv\Lib\site-packages\sqlalchemy\engine\default.py", line 725, in do_rollback
    dbapi_connection.rollback()
  File "c:\Users\PC\dbms_project\.venv\Lib\site-packages\mysql\connector\connection_cext.py", line 611, in rollback
    self._cmysql.rollback()
_mysql_connector.MySQLInterfaceError: Commands out of sync; you can't run this command now
2026-05-06 02:08:37 | ERROR    | Exception during reset or similar
Traceback (most recent call last):
  File "C:\Users\PC\dbms_project\crud_logic.py", line 37, in create_order
    while result.next_result():
          ^^^^^^^^^^^^^^^^^^
AttributeError: 'CursorResult' object has no attribute 'next_result'

During handling of the above exception, another exception occurred:

Traceback (most recent call last):
  File "c:\Users\PC\dbms_project\.venv\Lib\site-packages\sqlalchemy\pool\base.py", line 984, in _finalize_fairy
    fairy._reset(
  File "c:\Users\PC\dbms_project\.venv\Lib\site-packages\sqlalchemy\pool\base.py", line 1439, in _reset
    pool._dialect.do_rollback(self)
  File "c:\Users\PC\dbms_project\.venv\Lib\site-packages\sqlalchemy\engine\default.py", line 725, in do_rollback
    dbapi_connection.rollback()
  File "c:\Users\PC\dbms_project\.venv\Lib\site-packages\mysql\connector\connection_cext.py", line 611, in rollback
    self._cmysql.rollback()
_mysql_connector.MySQLInterfaceError: Commands out of sync; you can't run this command now
2026-05-06 02:08:39 | INFO     | USER: jones3 | ACTION: VIEW_CUSTOMER | DETAILS: ID: 1
2026-05-06 02:15:28 | ERROR    | Exception during reset or similar
Traceback (most recent call last):
  File "c:\Users\PC\dbms_project\.venv\Lib\site-packages\sqlalchemy\pool\base.py", line 984, in _finalize_fairy
    fairy._reset(
  File "c:\Users\PC\dbms_project\.venv\Lib\site-packages\sqlalchemy\pool\base.py", line 1439, in _reset
    pool._dialect.do_rollback(self)
  File "c:\Users\PC\dbms_project\.venv\Lib\site-packages\sqlalchemy\engine\default.py", line 725, in do_rollback
    dbapi_connection.rollback()
  File "c:\Users\PC\dbms_project\.venv\Lib\site-packages\mysql\connector\connection_cext.py", line 611, in rollback
    self._cmysql.rollback()
_mysql_connector.MySQLInterfaceError: Commands out of sync; you can't run this command now
2026-05-06 02:21:39 | INFO     | USER: jones3 | ACTION: VIEW_CUSTOMER | DETAILS: ID: 1
2026-05-06 02:21:43 | ERROR    | Exception during reset or similar
Traceback (most recent call last):
  File "c:\Users\PC\dbms_project\.venv\Lib\site-packages\sqlalchemy\pool\base.py", line 984, in _finalize_fairy
    fairy._reset(
  File "c:\Users\PC\dbms_project\.venv\Lib\site-packages\sqlalchemy\pool\base.py", line 1439, in _reset
    pool._dialect.do_rollback(self)
  File "c:\Users\PC\dbms_project\.venv\Lib\site-packages\sqlalchemy\engine\default.py", line 725, in do_rollback
    dbapi_connection.rollback()
  File "c:\Users\PC\dbms_project\.venv\Lib\site-packages\mysql\connector\connection_cext.py", line 611, in rollback
    self._cmysql.rollback()
_mysql_connector.MySQLInterfaceError: Commands out of sync; you can't run this command now
2026-05-06 02:22:18 | ERROR    | Exception during reset or similar
Traceback (most recent call last):
  File "C:\Users\PC\dbms_project\crud_logic.py", line 37, in create_order
    while result.next_result():
          ^^^^^^^^^^^^^^^^^^
AttributeError: 'CursorResult' object has no attribute 'next_result'

During handling of the above exception, another exception occurred:

Traceback (most recent call last):
  File "c:\Users\PC\dbms_project\.venv\Lib\site-packages\sqlalchemy\pool\base.py", line 984, in _finalize_fairy
    fairy._reset(
  File "c:\Users\PC\dbms_project\.venv\Lib\site-packages\sqlalchemy\pool\base.py", line 1439, in _reset
    pool._dialect.do_rollback(self)
  File "c:\Users\PC\dbms_project\.venv\Lib\site-packages\sqlalchemy\engine\default.py", line 725, in do_rollback
    dbapi_connection.rollback()
  File "c:\Users\PC\dbms_project\.venv\Lib\site-packages\mysql\connector\connection_cext.py", line 611, in rollback
    self._cmysql.rollback()
_mysql_connector.MySQLInterfaceError: Commands out of sync; you can't run this command now
2026-05-06 13:15:18 | INFO     | USER: jones3 | ACTION: VIEW_CUSTOMER | DETAILS: ID: 1
2026-05-06 13:15:19 | ERROR    | Exception during reset or similar
Traceback (most recent call last):
  File "c:\Users\PC\dbms_project\.venv\Lib\site-packages\sqlalchemy\pool\base.py", line 984, in _finalize_fairy
    fairy._reset(
  File "c:\Users\PC\dbms_project\.venv\Lib\site-packages\sqlalchemy\pool\base.py", line 1439, in _reset
    pool._dialect.do_rollback(self)
  File "c:\Users\PC\dbms_project\.venv\Lib\site-packages\sqlalchemy\engine\default.py", line 725, in do_rollback
    dbapi_connection.rollback()
  File "c:\Users\PC\dbms_project\.venv\Lib\site-packages\mysql\connector\connection_cext.py", line 611, in rollback
    self._cmysql.rollback()
_mysql_connector.MySQLInterfaceError: Commands out of sync; you can't run this command now
2026-05-06 13:15:21 | ERROR    | Exception during reset or similar
Traceback (most recent call last):
  File "C:\Users\PC\dbms_project\crud_logic.py", line 37, in create_order
    while result.next_result():
          ^^^^^^^^^^^^^^^^^^
AttributeError: 'CursorResult' object has no attribute 'next_result'

During handling of the above exception, another exception occurred:

Traceback (most recent call last):
  File "c:\Users\PC\dbms_project\.venv\Lib\site-packages\sqlalchemy\pool\base.py", line 984, in _finalize_fairy
    fairy._reset(
  File "c:\Users\PC\dbms_project\.venv\Lib\site-packages\sqlalchemy\pool\base.py", line 1439, in _reset
    pool._dialect.do_rollback(self)
  File "c:\Users\PC\dbms_project\.venv\Lib\site-packages\sqlalchemy\engine\default.py", line 725, in do_rollback
    dbapi_connection.rollback()
  File "c:\Users\PC\dbms_project\.venv\Lib\site-packages\mysql\connector\connection_cext.py", line 611, in rollback
    self._cmysql.rollback()
_mysql_connector.MySQLInterfaceError: Commands out of sync; you can't run this command now
2026-05-06 13:26:50 | ERROR    | Exception during reset or similar
Traceback (most recent call last):
  File "C:\Users\PC\dbms_project\crud_logic.py", line 38, in create_order
    while result.next_result():
          ^^^^^^^^^^^^^^^^^^
AttributeError: 'CursorResult' object has no attribute 'next_result'

During handling of the above exception, another exception occurred:

Traceback (most recent call last):
  File "c:\Users\PC\dbms_project\.venv\Lib\site-packages\sqlalchemy\pool\base.py", line 984, in _finalize_fairy
    fairy._reset(
  File "c:\Users\PC\dbms_project\.venv\Lib\site-packages\sqlalchemy\pool\base.py", line 1439, in _reset
    pool._dialect.do_rollback(self)
  File "c:\Users\PC\dbms_project\.venv\Lib\site-packages\sqlalchemy\engine\default.py", line 725, in do_rollback
    dbapi_connection.rollback()
  File "c:\Users\PC\dbms_project\.venv\Lib\site-packages\mysql\connector\connection_cext.py", line 611, in rollback
    self._cmysql.rollback()
_mysql_connector.MySQLInterfaceError: Commands out of sync; you can't run this command now
2026-05-06 13:26:56 | INFO     | USER: jones3 | ACTION: VIEW_CUS | DETAILS: ID: 1
2026-05-06 13:26:58 | ERROR    | Exception during reset or similar
Traceback (most recent call last):
  File "c:\Users\PC\dbms_project\.venv\Lib\site-packages\sqlalchemy\pool\base.py", line 984, in _finalize_fairy
    fairy._reset(
  File "c:\Users\PC\dbms_project\.venv\Lib\site-packages\sqlalchemy\pool\base.py", line 1439, in _reset
    pool._dialect.do_rollback(self)
  File "c:\Users\PC\dbms_project\.venv\Lib\site-packages\sqlalchemy\engine\default.py", line 725, in do_rollback
    dbapi_connection.rollback()
  File "c:\Users\PC\dbms_project\.venv\Lib\site-packages\mysql\connector\connection_cext.py", line 611, in rollback
    self._cmysql.rollback()
_mysql_connector.MySQLInterfaceError: Commands out of sync; you can't run this command now
2026-05-06 13:27:05 | ERROR    | Exception during reset or similar
Traceback (most recent call last):
  File "C:\Users\PC\dbms_project\crud_logic.py", line 38, in create_order
    while result.next_result():
          ^^^^^^^^^^^^^^^^^^
AttributeError: 'CursorResult' object has no attribute 'next_result'

During handling of the above exception, another exception occurred:

Traceback (most recent call last):
  File "c:\Users\PC\dbms_project\.venv\Lib\site-packages\sqlalchemy\pool\base.py", line 984, in _finalize_fairy
    fairy._reset(
  File "c:\Users\PC\dbms_project\.venv\Lib\site-packages\sqlalchemy\pool\base.py", line 1439, in _reset
    pool._dialect.do_rollback(self)
  File "c:\Users\PC\dbms_project\.venv\Lib\site-packages\sqlalchemy\engine\default.py", line 725, in do_rollback
    dbapi_connection.rollback()
  File "c:\Users\PC\dbms_project\.venv\Lib\site-packages\mysql\connector\connection_cext.py", line 611, in rollback
    self._cmysql.rollback()
_mysql_connector.MySQLInterfaceError: Commands out of sync; you can't run this command now
2026-05-06 13:35:09 | INFO     | USER: jones3 | ACTION: CREATE_INV | DETAILS: Cus: 1
2026-05-06 16:18:52 | INFO     | USER: jones3 | ACTION: VIEW_CUS | DETAILS: ID: 1
2026-05-06 16:19:02 | ERROR    | Exception during reset or similar
Traceback (most recent call last):
  File "c:\Users\PC\dbms_project\.venv\Lib\site-packages\sqlalchemy\pool\base.py", line 984, in _finalize_fairy
    fairy._reset(
  File "c:\Users\PC\dbms_project\.venv\Lib\site-packages\sqlalchemy\pool\base.py", line 1439, in _reset
    pool._dialect.do_rollback(self)
  File "c:\Users\PC\dbms_project\.venv\Lib\site-packages\sqlalchemy\engine\default.py", line 725, in do_rollback
    dbapi_connection.rollback()
  File "c:\Users\PC\dbms_project\.venv\Lib\site-packages\mysql\connector\connection_cext.py", line 611, in rollback
    self._cmysql.rollback()
_mysql_connector.MySQLInterfaceError: Commands out of sync; you can't run this command now
2026-05-06 16:19:04 | INFO     | USER: jones3 | ACTION: VIEW_CUS | DETAILS: ID: 1
2026-05-06 16:34:17 | ERROR    | Exception during reset or similar
Traceback (most recent call last):
  File "c:\Users\PC\dbms_project\.venv\Lib\site-packages\sqlalchemy\pool\base.py", line 984, in _finalize_fairy
    fairy._reset(
  File "c:\Users\PC\dbms_project\.venv\Lib\site-packages\sqlalchemy\pool\base.py", line 1439, in _reset
    pool._dialect.do_rollback(self)
  File "c:\Users\PC\dbms_project\.venv\Lib\site-packages\sqlalchemy\engine\default.py", line 725, in do_rollback
    dbapi_connection.rollback()
  File "c:\Users\PC\dbms_project\.venv\Lib\site-packages\mysql\connector\connection_cext.py", line 611, in rollback
    self._cmysql.rollback()
_mysql_connector.MySQLInterfaceError: Commands out of sync; you can't run this command now
2026-05-06 16:34:19 | INFO     | USER: jones3 | ACTION: VIEW_CUS | DETAILS: ID: 1
2026-05-06 16:34:21 | ERROR    | Exception during reset or similar
Traceback (most recent call last):
  File "c:\Users\PC\dbms_project\.venv\Lib\site-packages\sqlalchemy\pool\base.py", line 984, in _finalize_fairy
    fairy._reset(
  File "c:\Users\PC\dbms_project\.venv\Lib\site-packages\sqlalchemy\pool\base.py", line 1439, in _reset
    pool._dialect.do_rollback(self)
  File "c:\Users\PC\dbms_project\.venv\Lib\site-packages\sqlalchemy\engine\default.py", line 725, in do_rollback
    dbapi_connection.rollback()
  File "c:\Users\PC\dbms_project\.venv\Lib\site-packages\mysql\connector\connection_cext.py", line 611, in rollback
    self._cmysql.rollback()
_mysql_connector.MySQLInterfaceError: Commands out of sync; you can't run this command now
2026-05-06 17:57:09 | ERROR    | Exception during reset or similar
Traceback (most recent call last):
  File "c:\Users\PC\dbms_project\.venv\Lib\site-packages\sqlalchemy\pool\base.py", line 984, in _finalize_fairy
    fairy._reset(
  File "c:\Users\PC\dbms_project\.venv\Lib\site-packages\sqlalchemy\pool\base.py", line 1439, in _reset
    pool._dialect.do_rollback(self)
  File "c:\Users\PC\dbms_project\.venv\Lib\site-packages\sqlalchemy\engine\default.py", line 725, in do_rollback
    dbapi_connection.rollback()
  File "c:\Users\PC\dbms_project\.venv\Lib\site-packages\mysql\connector\connection_cext.py", line 611, in rollback
    self._cmysql.rollback()
_mysql_connector.MySQLInterfaceError: Commands out of sync; you can't run this command now
2026-05-06 18:49:08 | ERROR    | Exception during reset or similar
Traceback (most recent call last):
  File "c:\Users\PC\dbms_project\.venv\Lib\site-packages\sqlalchemy\pool\base.py", line 984, in _finalize_fairy
    fairy._reset(
  File "c:\Users\PC\dbms_project\.venv\Lib\site-packages\sqlalchemy\pool\base.py", line 1439, in _reset
    pool._dialect.do_rollback(self)
  File "c:\Users\PC\dbms_project\.venv\Lib\site-packages\sqlalchemy\engine\default.py", line 725, in do_rollback
    dbapi_connection.rollback()
  File "c:\Users\PC\dbms_project\.venv\Lib\site-packages\mysql\connector\connection_cext.py", line 611, in rollback
    self._cmysql.rollback()
_mysql_connector.MySQLInterfaceError: Commands out of sync; you can't run this command now
2026-05-06 19:10:43 | INFO     | USER: jones3 | ACTION: VIEW_CUS | DETAILS: ID: 1
2026-05-06 22:40:45 | ERROR    | Exception during reset or similar
Traceback (most recent call last):
  File "c:\Users\PC\dbms_project\.venv\Lib\site-packages\sqlalchemy\pool\base.py", line 984, in _finalize_fairy
    fairy._reset(
  File "c:\Users\PC\dbms_project\.venv\Lib\site-packages\sqlalchemy\pool\base.py", line 1439, in _reset
    pool._dialect.do_rollback(self)
  File "c:\Users\PC\dbms_project\.venv\Lib\site-packages\sqlalchemy\engine\default.py", line 725, in do_rollback
    dbapi_connection.rollback()
  File "c:\Users\PC\dbms_project\.venv\Lib\site-packages\mysql\connector\connection_cext.py", line 611, in rollback
    self._cmysql.rollback()
_mysql_connector.MySQLInterfaceError: Commands out of sync; you can't run this command now
2026-05-06 22:40:47 | INFO     | USER: jones3 | ACTION: VIEW_CUS | DETAILS: ID: 1
2026-05-06 22:46:38 | INFO     | USER: jones3 | ACTION: VIEW_CUS | DETAILS: ID: 14
2026-05-06 22:46:58 | INFO     | USER: jones3 | ACTION: VIEW_CUS | DETAILS: ID: 5
2026-05-06 22:55:00 | INFO     | USER: jones3 | ACTION: VIEW_CUS | DETAILS: ID: 5
2026-05-06 22:55:07 | INFO     | USER: jones3 | ACTION: VIEW_CUS | DETAILS: ID: 2
